<testsuite name="Mocha Tests" tests="11" failures="0" errors="0" skipped="0" timestamp="2017-04-09T05:28:46" time="87.779">
<testcase classname="Test Articles" name="should create a new article and validate article appears in feed" time="11.674"/>
<testcase classname="Test Articles" name="should edit an article and validate changed article text" time="17.598"/>
<testcase classname="Test Articles" name="should find the special article (&quot;Only one article like this&quot;)" time="5.474"/>
<testcase classname="Followee tests" name="should add a new follower user and verify the following count increased by one" time="6.134"/>
<testcase classname="Test Login" name="should log in as the test user" time="4.965"/>
<testcase classname="Test Login" name="Update the headline and verify the change" time="13.083"/>
<testcase classname="Profile data update tests" name="should be able to update email and zipcode (my design forces updating both at once)" time="22.455"/>
<testcase classname="Profile data update tests" name="should have an update password button (really? this was kinda weird..." time="4.109"/>
<testcase classname="Test Registration Feedback" name="should display a message when trying to register a new user" time="1.076"/>
<testcase classname="Test Registration Feedback" name="should display an error message when not filling out all the registration fields" time="0.944"/>
<testcase classname="shutdown" name="now" time="0.109"/>
</testsuite>
