<?xml version="1.0"?>
<testsuite name="Chrome 57.0.2987 (Mac OS X 10.11.6)" package="" timestamp="2017-03-28T04:54:52" id="0" hostname="Claytons-MacBook-Pro.local" tests="20" errors="0" failures="6" time="1.063">
  <properties>
    <property name="browser.fullName" value="Mozilla/5.0 (Macintosh; Intel Mac OS X 10_11_6) AppleWebKit/537.36 (KHTML, like Gecko) Chrome/57.0.2987.98 Safari/537.36"/>
  </properties>
  <testcase name=" should navigate (to landing)" time="0.001" classname="Chrome_57_0_2987_(Mac_OS_X_10_11_6).undefined"/>
  <testcase name=" should update user headline" time="0.282" classname="Chrome_57_0_2987_(Mac_OS_X_10_11_6).undefined">
    <failure type="">Error: Unauthorized
    at /Users/claytonmdrazner/Documents/CompSci_Files/CollegeCompCourses/Comp431-WebDev/hw5/tests.webpack.js:268:97 &lt;- webpack:///src/serverRequests/serverRequest.js:9:2545
</failure>
  </testcase>
  <testcase name=" should fetch users profile info (headline)" time="0.116" classname="Chrome_57_0_2987_(Mac_OS_X_10_11_6).undefined">
    <failure type="">Error: Unauthorized
    at /Users/claytonmdrazner/Documents/CompSci_Files/CollegeCompCourses/Comp431-WebDev/hw5/tests.webpack.js:268:97 &lt;- webpack:///src/serverRequests/serverRequest.js:9:2545
</failure>
  </testcase>
  <testcase name=" should fetch users profile info (email)" time="0.099" classname="Chrome_57_0_2987_(Mac_OS_X_10_11_6).undefined">
    <failure type="">Error: Unauthorized
    at /Users/claytonmdrazner/Documents/CompSci_Files/CollegeCompCourses/Comp431-WebDev/hw5/tests.webpack.js:268:97 &lt;- webpack:///src/serverRequests/serverRequest.js:9:2545
</failure>
  </testcase>
  <testcase name=" should fetch users profile info (zipcode)" time="0.1" classname="Chrome_57_0_2987_(Mac_OS_X_10_11_6).undefined">
    <failure type="">Error: Unauthorized
    at /Users/claytonmdrazner/Documents/CompSci_Files/CollegeCompCourses/Comp431-WebDev/hw5/tests.webpack.js:268:97 &lt;- webpack:///src/serverRequests/serverRequest.js:9:2545
</failure>
  </testcase>
  <testcase name=" should update success message (for displaying success message to user" time="0" classname="Chrome_57_0_2987_(Mac_OS_X_10_11_6).undefined"/>
  <testcase name=" should update error message (for displaying error message to user" time="0.001" classname="Chrome_57_0_2987_(Mac_OS_X_10_11_6).undefined"/>
  <testcase name=" should log in a user" time="0" classname="Chrome_57_0_2987_(Mac_OS_X_10_11_6).undefined"/>
  <testcase name=" should not login an invalid user" time="0.103" classname="Chrome_57_0_2987_(Mac_OS_X_10_11_6).undefined"/>
  <testcase name=" should log out a user" time="0.105" classname="Chrome_57_0_2987_(Mac_OS_X_10_11_6).undefined">
    <failure type="">AssertionError: expected 'UPDATE_ERROR_MESSAGE' to deeply equal 'LOCATION_CHANGE'
    at /Users/claytonmdrazner/Documents/CompSci_Files/CollegeCompCourses/Comp431-WebDev/hw5/tests.webpack.js:76986:288 &lt;- webpack:///src/components/landing/authActions.spec.js:9:5509
</failure>
  </testcase>
  <testcase name=" should filter displayed articles by the search keyword" time="0.001" classname="Chrome_57_0_2987_(Mac_OS_X_10_11_6).undefined"/>
  <testcase name=" should initialize state" time="0.001" classname="Chrome_57_0_2987_(Mac_OS_X_10_11_6).undefined"/>
  <testcase name=" should state success (for displaying success message to user)" time="0" classname="Chrome_57_0_2987_(Mac_OS_X_10_11_6).undefined">
    <failure type="">TypeError: Cannot read property 'notifyRegSuccess' of undefined
    at Context.&lt;anonymous&gt; (/Users/claytonmdrazner/Documents/CompSci_Files/CollegeCompCourses/Comp431-WebDev/hw5/tests.webpack.js:77424:539 &lt;- webpack:///src/reducers.spec.js:9:4041)
</failure>
  </testcase>
  <testcase name=" should state error (for displaying error message to user)" time="0.001" classname="Chrome_57_0_2987_(Mac_OS_X_10_11_6).undefined"/>
  <testcase name=" should set the articles" time="0" classname="Chrome_57_0_2987_(Mac_OS_X_10_11_6).undefined"/>
  <testcase name=" should set the search keyword" time="0" classname="Chrome_57_0_2987_(Mac_OS_X_10_11_6).undefined"/>
  <testcase name=" should be able to set the search keyword while updating articles" time="0" classname="Chrome_57_0_2987_(Mac_OS_X_10_11_6).undefined"/>
  <testcase name=" resource should be a resource" time="0.102" classname="Chrome_57_0_2987_(Mac_OS_X_10_11_6).undefined"/>
  <testcase name=" resource should give me the http error" time="0.098" classname="Chrome_57_0_2987_(Mac_OS_X_10_11_6).undefined"/>
  <testcase name=" resource should be POSTable" time="0.053" classname="Chrome_57_0_2987_(Mac_OS_X_10_11_6).undefined"/>
  <system-out>
    <![CDATA[
]]>
  </system-out>
  <system-err/>
</testsuite>