TN:
SF:/Users/claytonmdrazner/Documents/CompSci_Files/CollegeCompCourses/Comp431-WebDev/hw5/src/actions.js
FN:0,(anonymous_1)
FN:46,createLocAction
FN:59,updateLocation
FN:64,(anonymous_4)
FN:70,(anonymous_5)
FN:72,(anonymous_6)
FN:77,(anonymous_7)
FN:79,(anonymous_8)
FN:88,addArticle
FN:93,(anonymous_10)
FN:95,(anonymous_11)
FN:104,addComment
FN:110,(anonymous_13)
FN:112,(anonymous_14)
FN:116,updateStatus
FN:119,(anonymous_16)
FN:121,(anonymous_17)
FN:125,updateProfileData
FN:128,(anonymous_19)
FN:135,(anonymous_20)
FN:139,updateShownArticles
FN:145,(anonymous_22)
FN:151,(anonymous_23)
FN:165,removeFollowee
FN:167,(anonymous_25)
FN:169,(anonymous_26)
FN:172,(anonymous_27)
FN:179,(anonymous_28)
FN:183,addFollowee
FN:185,(anonymous_30)
FN:188,(anonymous_31)
FN:191,(anonymous_32)
FN:197,(anonymous_33)
FN:208,downloadProfileData
FN:213,notifyRegSuccess
FN:219,logout
FN:223,(anonymous_37)
FN:225,(anonymous_38)
FN:231,requestProfile
FN:233,(anonymous_40)
FN:239,login
FN:241,(anonymous_42)
FN:242,(anonymous_43)
FN:247,(anonymous_44)
FN:253,dispError
FNF:45
FNH:9
FNDA:0,(anonymous_1)
FNDA:2,createLocAction
FNDA:2,updateLocation
FNDA:0,(anonymous_4)
FNDA:0,(anonymous_5)
FNDA:0,(anonymous_6)
FNDA:0,(anonymous_7)
FNDA:0,(anonymous_8)
FNDA:0,addArticle
FNDA:0,(anonymous_10)
FNDA:0,(anonymous_11)
FNDA:0,addComment
FNDA:0,(anonymous_13)
FNDA:0,(anonymous_14)
FNDA:0,updateStatus
FNDA:0,(anonymous_16)
FNDA:0,(anonymous_17)
FNDA:0,updateProfileData
FNDA:0,(anonymous_19)
FNDA:0,(anonymous_20)
FNDA:0,updateShownArticles
FNDA:0,(anonymous_22)
FNDA:0,(anonymous_23)
FNDA:0,removeFollowee
FNDA:0,(anonymous_25)
FNDA:0,(anonymous_26)
FNDA:0,(anonymous_27)
FNDA:0,(anonymous_28)
FNDA:0,addFollowee
FNDA:0,(anonymous_30)
FNDA:0,(anonymous_31)
FNDA:0,(anonymous_32)
FNDA:0,(anonymous_33)
FNDA:0,downloadProfileData
FNDA:2,notifyRegSuccess
FNDA:1,logout
FNDA:1,(anonymous_37)
FNDA:0,(anonymous_38)
FNDA:0,requestProfile
FNDA:0,(anonymous_40)
FNDA:1,login
FNDA:0,(anonymous_42)
FNDA:0,(anonymous_43)
FNDA:1,(anonymous_44)
FNDA:1,dispError
DA:0,1
DA:1,1
DA:5,1
DA:6,1
DA:7,1
DA:8,1
DA:10,1
DA:17,1
DA:46,1
DA:49,2
DA:57,2
DA:59,1
DA:60,2
DA:63,0
DA:67,0
DA:69,0
DA:71,0
DA:73,0
DA:75,2
DA:77,0
DA:78,0
DA:80,0
DA:85,2
DA:88,1
DA:89,0
DA:92,0
DA:94,0
DA:96,0
DA:104,1
DA:105,0
DA:109,0
DA:111,0
DA:113,0
DA:116,1
DA:117,0
DA:118,0
DA:120,0
DA:122,0
DA:125,1
DA:128,0
DA:131,0
DA:136,0
DA:139,1
DA:144,0
DA:146,0
DA:147,0
DA:152,0
DA:165,1
DA:166,0
DA:168,0
DA:170,0
DA:171,0
DA:175,0
DA:180,0
DA:183,1
DA:184,0
DA:186,0
DA:189,0
DA:190,0
DA:193,0
DA:198,0
DA:208,1
DA:209,0
DA:213,1
DA:214,2
DA:215,2
DA:216,2
DA:217,2
DA:219,1
DA:222,1
DA:224,1
DA:227,0
DA:231,1
DA:232,0
DA:235,0
DA:239,1
DA:240,1
DA:241,0
DA:243,0
DA:244,0
DA:245,0
DA:248,1
DA:249,1
DA:253,1
DA:254,1
DA:255,1
DA:256,1
DA:259,0
DA:262,1
LF:89
LH:41
BRDA:0,1,0,1
BRDA:0,1,1,0
BRDA:0,2,0,0
BRDA:0,2,1,0
BRDA:50,3,0,0
BRDA:50,3,1,2
BRDA:60,4,0,0
BRDA:60,4,1,2
BRDA:75,5,0,0
BRDA:75,5,1,2
BRDA:248,6,0,1
BRDA:248,6,1,1
BRDA:255,7,0,1
BRDA:255,7,1,0
BRDA:256,8,0,0
BRDA:256,8,1,1
BRDA:264,9,0,0
BRDA:264,9,1,1
BRF:18
BRH:12
end_of_record
TN:
SF:/Users/claytonmdrazner/Documents/CompSci_Files/CollegeCompCourses/Comp431-WebDev/hw5/src/serverRequest.js
FN:0,(anonymous_1)
FN:14,resource
FN:25,(anonymous_3)
FN:37,getMainData
FN:45,(anonymous_5)
FN:51,(anonymous_6)
FN:54,(anonymous_7)
FN:78,getProfileData
FN:82,(anonymous_9)
FN:101,updateField
FN:108,updateFields
FN:111,(anonymous_12)
FN:118,(anonymous_13)
FN:120,(anonymous_14)
FNF:14
FNH:3
FNDA:0,(anonymous_1)
FNDA:9,resource
FNDA:9,(anonymous_3)
FNDA:0,getMainData
FNDA:0,(anonymous_5)
FNDA:0,(anonymous_6)
FNDA:0,(anonymous_7)
FNDA:0,getProfileData
FNDA:0,(anonymous_9)
FNDA:0,updateField
FNDA:0,updateFields
FNDA:0,(anonymous_12)
FNDA:0,(anonymous_13)
FNDA:0,(anonymous_14)
DA:0,1
DA:3,1
DA:8,1
DA:14,1
DA:15,9
DA:22,9
DA:24,9
DA:26,9
DA:27,7
DA:29,2
DA:37,1
DA:38,0
DA:39,0
DA:46,0
DA:49,0
DA:50,0
DA:51,0
DA:52,0
DA:53,0
DA:54,0
DA:55,0
DA:57,0
DA:58,0
DA:65,0
DA:66,0
DA:67,0
DA:78,1
DA:79,0
DA:83,0
DA:84,0
DA:85,0
DA:101,1
DA:104,0
DA:105,0
DA:106,0
DA:108,1
DA:109,0
DA:110,0
DA:113,0
DA:115,0
DA:116,0
DA:119,0
DA:122,0
DA:124,0
DA:129,0
DA:130,0
LF:46
LH:14
BRDA:0,1,0,1
BRDA:0,1,1,0
BRDA:0,2,0,0
BRDA:0,2,1,0
BRDA:22,3,0,2
BRDA:22,3,1,7
BRDA:26,4,0,7
BRDA:26,4,1,2
BRDA:27,5,0,7
BRDA:27,5,1,0
BRDA:57,6,0,0
BRDA:57,6,1,0
BRF:12
BRH:9
end_of_record
TN:
SF:/Users/claytonmdrazner/Documents/CompSci_Files/CollegeCompCourses/Comp431-WebDev/hw5/src/actions.spec.js
FN:0,_interopRequireDefault
FN:4,(anonymous_2)
FN:8,(anonymous_3)
FN:18,(anonymous_4)
FN:32,(anonymous_5)
FN:42,(anonymous_6)
FN:52,(anonymous_7)
FN:58,(anonymous_8)
FN:63,(anonymous_9)
FN:73,(anonymous_10)
FN:79,(anonymous_11)
FN:84,(anonymous_12)
FN:92,(anonymous_13)
FN:96,(anonymous_14)
FN:100,(anonymous_15)
FN:108,(anonymous_16)
FN:112,(anonymous_17)
FNF:17
FNH:13
FNDA:2,_interopRequireDefault
FNDA:1,(anonymous_2)
FNDA:5,(anonymous_3)
FNDA:5,(anonymous_4)
FNDA:1,(anonymous_5)
FNDA:1,(anonymous_6)
FNDA:1,(anonymous_7)
FNDA:0,(anonymous_8)
FNDA:1,(anonymous_9)
FNDA:1,(anonymous_10)
FNDA:0,(anonymous_11)
FNDA:1,(anonymous_12)
FNDA:1,(anonymous_13)
FNDA:0,(anonymous_14)
FNDA:1,(anonymous_15)
FNDA:1,(anonymous_16)
FNDA:0,(anonymous_17)
DA:0,2
DA:1,1
DA:2,1
DA:3,1
DA:4,1
DA:6,1
DA:7,1
DA:8,1
DA:9,5
DA:10,0
DA:11,0
DA:12,0
DA:14,5
DA:15,5
DA:18,1
DA:19,5
DA:20,0
DA:21,0
DA:27,1
DA:28,1
DA:29,1
DA:30,1
DA:32,1
DA:33,1
DA:34,1
DA:37,1
DA:42,1
DA:43,1
DA:44,1
DA:51,1
DA:53,1
DA:54,1
DA:59,0
DA:63,1
DA:64,1
DA:65,1
DA:72,1
DA:74,1
DA:75,1
DA:80,0
DA:84,1
DA:85,1
DA:86,1
DA:91,1
DA:93,1
DA:94,1
DA:97,0
DA:100,1
DA:101,1
DA:102,1
DA:107,1
DA:109,1
DA:110,1
DA:113,0
LF:54
LH:45
BRDA:0,1,0,0
BRDA:0,1,1,2
BRDA:0,2,0,2
BRDA:0,2,1,2
BRDA:9,3,0,0
BRDA:9,3,1,5
BRDA:19,4,0,0
BRDA:19,4,1,5
BRF:8
BRH:6
end_of_record
TN:
SF:/Users/claytonmdrazner/Documents/CompSci_Files/CollegeCompCourses/Comp431-WebDev/hw5/src/approot.js
FN:0,_interopRequireDefault
FN:8,AppRoot
FN:49,(anonymous_3)
FN:50,(anonymous_4)
FNF:4
FNH:1
FNDA:4,_interopRequireDefault
FNDA:0,AppRoot
FNDA:0,(anonymous_3)
FNDA:0,(anonymous_4)
DA:0,4
DA:1,1
DA:2,1
DA:4,1
DA:5,1
DA:6,1
DA:8,1
DA:9,0
DA:10,0
DA:11,0
DA:12,0
DA:13,0
DA:14,0
DA:18,0
DA:22,1
DA:48,1
DA:49,0
DA:50,0
LF:18
LH:9
BRDA:0,1,0,3
BRDA:0,1,1,1
BRDA:0,2,0,4
BRDA:0,2,1,4
BRDA:9,3,0,0
BRDA:9,3,1,0
BRDA:11,4,0,0
BRDA:11,4,1,0
BRDA:13,5,0,0
BRDA:13,5,1,0
BRF:10
BRH:4
end_of_record
TN:
SF:/Users/claytonmdrazner/Documents/CompSci_Files/CollegeCompCourses/Comp431-WebDev/hw5/src/components/main/Main.js
FN:0,_interopRequireDefault
FN:0,_objectDestructuringEmpty
FN:12,Main
FN:41,(anonymous_4)
FN:42,(anonymous_5)
FNF:5
FNH:2
FNDA:7,_interopRequireDefault
FNDA:0,_objectDestructuringEmpty
FNDA:0,Main
FNDA:0,(anonymous_4)
FNDA:0,(anonymous_5)
DA:0,7
DA:1,1
DA:2,1
DA:3,1
DA:4,1
DA:5,1
DA:6,1
DA:7,1
DA:8,1
DA:9,1
DA:10,1
DA:12,1
DA:14,0
DA:37,1
DA:40,1
DA:41,0
DA:42,0
LF:17
LH:14
BRDA:0,1,0,6
BRDA:0,1,1,1
BRDA:0,2,0,7
BRDA:0,2,1,7
BRDA:0,3,0,0
BRDA:0,3,1,0
BRF:6
BRH:6
end_of_record
TN:
SF:/Users/claytonmdrazner/Documents/CompSci_Files/CollegeCompCourses/Comp431-WebDev/hw5/src/components/navigation/navBar.js
FN:0,_interopRequireDefault
FN:6,NavBar
FN:22,(anonymous_3)
FN:23,(anonymous_4)
FN:27,logout
FN:28,(anonymous_6)
FNF:6
FNH:1
FNDA:2,_interopRequireDefault
FNDA:0,NavBar
FNDA:0,(anonymous_3)
FNDA:0,(anonymous_4)
FNDA:0,logout
FNDA:0,(anonymous_6)
DA:0,2
DA:1,1
DA:2,1
DA:3,1
DA:4,1
DA:5,1
DA:6,1
DA:10,0
DA:18,1
DA:21,1
DA:22,0
DA:26,0
DA:28,0
DA:29,0
LF:14
LH:9
BRDA:0,1,0,1
BRDA:0,1,1,1
BRDA:0,2,0,2
BRDA:0,2,1,2
BRF:4
BRH:4
end_of_record
TN:
SF:/Users/claytonmdrazner/Documents/CompSci_Files/CollegeCompCourses/Comp431-WebDev/hw5/src/components/navigation/navButton.js
FN:0,_interopRequireDefault
FN:5,NavButton
FN:6,doStuffThenNavigate
FN:25,(anonymous_4)
FN:28,(anonymous_5)
FN:30,navigate
FN:32,(anonymous_7)
FNF:7
FNH:1
FNDA:1,_interopRequireDefault
FNDA:0,NavButton
FNDA:0,doStuffThenNavigate
FNDA:0,(anonymous_4)
FNDA:0,(anonymous_5)
FNDA:0,navigate
FNDA:0,(anonymous_7)
DA:0,1
DA:1,1
DA:2,1
DA:3,1
DA:4,1
DA:5,1
DA:6,0
DA:7,0
DA:11,0
DA:17,1
DA:24,1
DA:26,0
DA:29,0
DA:31,0
DA:32,0
LF:15
LH:8
BRDA:0,1,0,0
BRDA:0,1,1,1
BRDA:0,2,0,1
BRDA:0,2,1,1
BRDA:7,3,0,0
BRDA:7,3,1,0
BRF:6
BRH:4
end_of_record
TN:
SF:/Users/claytonmdrazner/Documents/CompSci_Files/CollegeCompCourses/Comp431-WebDev/hw5/src/components/main/feed.js
FN:0,_interopRequireDefault
FN:6,Feed
FN:7,correctlyOrderedArticles
FN:13,(anonymous_4)
FN:27,(anonymous_5)
FN:33,(anonymous_6)
FNF:6
FNH:1
FNDA:2,_interopRequireDefault
FNDA:0,Feed
FNDA:0,correctlyOrderedArticles
FNDA:0,(anonymous_4)
FNDA:0,(anonymous_5)
FNDA:0,(anonymous_6)
DA:0,2
DA:1,1
DA:2,1
DA:3,1
DA:4,1
DA:5,1
DA:6,1
DA:7,0
DA:8,0
DA:11,0
DA:14,0
DA:21,1
DA:26,1
DA:28,0
DA:34,0
LF:15
LH:9
BRDA:0,1,0,1
BRDA:0,1,1,1
BRDA:0,2,0,2
BRDA:0,2,1,2
BRF:4
BRH:4
end_of_record
TN:
SF:/Users/claytonmdrazner/Documents/CompSci_Files/CollegeCompCourses/Comp431-WebDev/hw5/src/components/main/articleCard.js
FN:0,_interopRequireDefault
FN:7,ArticleCard
FN:12,_postComment
FN:28,inputRef
FN:42,(anonymous_5)
FN:53,(anonymous_6)
FN:56,postComment
FN:60,(anonymous_8)
FN:65,editArticle
FNF:9
FNH:1
FNDA:1,_interopRequireDefault
FNDA:0,ArticleCard
FNDA:0,_postComment
FNDA:0,inputRef
FNDA:0,(anonymous_5)
FNDA:0,(anonymous_6)
FNDA:0,postComment
FNDA:0,(anonymous_8)
FNDA:0,editArticle
DA:0,1
DA:1,1
DA:2,1
DA:3,1
DA:5,1
DA:6,1
DA:7,1
DA:10,0
DA:11,0
DA:12,0
DA:13,0
DA:15,0
DA:16,0
DA:19,0
DA:28,0
DA:37,1
DA:41,1
DA:43,0
DA:54,0
DA:59,0
DA:62,0
DA:65,0
LF:22
LH:9
BRDA:0,1,0,0
BRDA:0,1,1,1
BRDA:0,2,0,1
BRDA:0,2,1,1
BRDA:10,3,0,0
BRDA:10,3,1,0
BRDA:13,4,0,0
BRDA:13,4,1,0
BRF:8
BRH:4
end_of_record
TN:
SF:/Users/claytonmdrazner/Documents/CompSci_Files/CollegeCompCourses/Comp431-WebDev/hw5/src/components/main/commentsHolder.js
FN:0,_interopRequireDefault
FN:5,CommentsHolder
FN:11,(anonymous_3)
FN:23,(anonymous_4)
FN:29,(anonymous_5)
FNF:5
FNH:1
FNDA:1,_interopRequireDefault
FNDA:0,CommentsHolder
FNDA:0,(anonymous_3)
FNDA:0,(anonymous_4)
FNDA:0,(anonymous_5)
DA:0,1
DA:1,1
DA:2,1
DA:3,1
DA:5,1
DA:8,0
DA:12,0
DA:19,1
DA:22,1
DA:24,0
DA:30,0
LF:11
LH:7
BRDA:0,1,0,0
BRDA:0,1,1,1
BRDA:0,2,0,1
BRDA:0,2,1,1
BRF:4
BRH:4
end_of_record
TN:
SF:/Users/claytonmdrazner/Documents/CompSci_Files/CollegeCompCourses/Comp431-WebDev/hw5/src/components/main/feedFilters.js
FN:2,filterArticles
FN:4,(anonymous_2)
FN:8,(anonymous_3)
FN:18,displayedArticles
FN:23,(anonymous_5)
FNF:5
FNH:4
FNDA:1,filterArticles
FNDA:3,(anonymous_2)
FNDA:0,(anonymous_3)
FNDA:1,displayedArticles
FNDA:1,(anonymous_5)
DA:0,1
DA:1,1
DA:2,1
DA:3,1
DA:4,1
DA:5,3
DA:7,0
DA:8,0
DA:9,0
DA:11,0
DA:12,0
DA:15,0
DA:18,1
DA:19,1
DA:26,1
LF:15
LH:9
BRDA:3,1,0,1
BRDA:3,1,1,0
BRDA:7,2,0,0
BRDA:7,2,1,0
BRDA:11,3,0,0
BRDA:11,3,1,0
BRF:6
BRH:1
end_of_record
TN:
SF:/Users/claytonmdrazner/Documents/CompSci_Files/CollegeCompCourses/Comp431-WebDev/hw5/src/components/main/writeArticleBox.js
FN:0,_interopRequireDefault
FN:7,WriteArticleBox
FN:21,_onChange
FN:24,_postArticle
FN:62,(anonymous_5)
FN:68,(anonymous_6)
FN:71,postArticle
FN:72,(anonymous_8)
FN:76,filterArticles
FN:78,(anonymous_10)
FNF:10
FNH:1
FNDA:1,_interopRequireDefault
FNDA:0,WriteArticleBox
FNDA:0,_onChange
FNDA:0,_postArticle
FNDA:0,(anonymous_5)
FNDA:0,(anonymous_6)
FNDA:0,postArticle
FNDA:0,(anonymous_8)
FNDA:0,filterArticles
FNDA:0,(anonymous_10)
DA:0,1
DA:1,1
DA:2,1
DA:3,1
DA:5,1
DA:7,1
DA:8,0
DA:20,0
DA:21,1
DA:22,0
DA:24,1
DA:26,0
DA:33,0
DA:58,1
DA:61,1
DA:63,0
DA:69,0
DA:71,0
DA:73,0
DA:76,0
DA:79,0
LF:21
LH:10
BRDA:0,1,0,0
BRDA:0,1,1,1
BRDA:0,2,0,1
BRDA:0,2,1,1
BRF:4
BRH:4
end_of_record
TN:
SF:/Users/claytonmdrazner/Documents/CompSci_Files/CollegeCompCourses/Comp431-WebDev/hw5/src/components/main/miniProfile.js
FN:0,_interopRequireDefault
FN:8,MiniProfile
FN:14,_onChange
FN:17,_updateStatus
FN:54,(anonymous_5)
FN:59,(anonymous_6)
FN:61,updateStatus
FN:62,(anonymous_8)
FNF:8
FNH:1
FNDA:1,_interopRequireDefault
FNDA:0,MiniProfile
FNDA:0,_onChange
FNDA:0,_updateStatus
FNDA:0,(anonymous_5)
FNDA:0,(anonymous_6)
FNDA:0,updateStatus
FNDA:0,(anonymous_8)
DA:0,1
DA:1,1
DA:2,1
DA:3,1
DA:5,1
DA:8,1
DA:9,0
DA:11,0
DA:12,0
DA:13,0
DA:14,1
DA:15,0
DA:17,1
DA:18,0
DA:21,0
DA:50,1
DA:53,1
DA:54,0
DA:60,0
DA:62,0
DA:63,0
LF:21
LH:10
BRDA:0,1,0,0
BRDA:0,1,1,1
BRDA:0,2,0,1
BRDA:0,2,1,1
BRF:4
BRH:4
end_of_record
TN:
SF:/Users/claytonmdrazner/Documents/CompSci_Files/CollegeCompCourses/Comp431-WebDev/hw5/src/components/main/FilterArticlesBox.js
FN:0,_interopRequireDefault
FN:7,filterArticlesBox
FN:19,_onChangeText
FN:22,_updateShownArticles
FN:25,_NoFilter
FN:26,_ByAuthor
FN:27,_ByText
FN:59,(anonymous_8)
FN:62,(anonymous_9)
FN:64,filterArticles
FN:66,(anonymous_11)
FNF:11
FNH:1
FNDA:1,_interopRequireDefault
FNDA:0,filterArticlesBox
FNDA:0,_onChangeText
FNDA:0,_updateShownArticles
FNDA:0,_NoFilter
FNDA:0,_ByAuthor
FNDA:0,_ByText
FNDA:0,(anonymous_8)
FNDA:0,(anonymous_9)
FNDA:0,filterArticles
FNDA:0,(anonymous_11)
DA:0,1
DA:1,1
DA:2,1
DA:3,1
DA:5,1
DA:7,1
DA:8,0
DA:18,0
DA:19,1
DA:20,0
DA:22,1
DA:23,0
DA:25,0
DA:26,0
DA:27,0
DA:30,0
DA:55,1
DA:58,1
DA:59,0
DA:63,0
DA:65,0
DA:67,0
LF:22
LH:10
BRDA:0,1,0,0
BRDA:0,1,1,1
BRDA:0,2,0,1
BRDA:0,2,1,1
BRF:4
BRH:4
end_of_record
TN:
SF:/Users/claytonmdrazner/Documents/CompSci_Files/CollegeCompCourses/Comp431-WebDev/hw5/src/components/main/Sidebar/followSideBar.js
FN:0,_interopRequireDefault
FN:6,followSideBar
FN:12,(anonymous_3)
FN:29,(anonymous_4)
FN:32,(anonymous_5)
FNF:5
FNH:1
FNDA:3,_interopRequireDefault
FNDA:0,followSideBar
FNDA:0,(anonymous_3)
FNDA:0,(anonymous_4)
FNDA:0,(anonymous_5)
DA:0,3
DA:1,1
DA:2,1
DA:3,1
DA:4,1
DA:5,1
DA:6,1
DA:7,0
DA:8,0
DA:10,0
DA:13,0
DA:26,1
DA:28,1
DA:29,0
DA:32,0
LF:15
LH:9
BRDA:0,1,0,2
BRDA:0,1,1,1
BRDA:0,2,0,3
BRDA:0,2,1,3
BRF:4
BRH:4
end_of_record
TN:
SF:/Users/claytonmdrazner/Documents/CompSci_Files/CollegeCompCourses/Comp431-WebDev/hw5/src/components/main/Sidebar/NewFollowers.js
FN:0,_interopRequireDefault
FN:7,newFollowers
FN:9,_onChange
FN:12,_addFollowee
FN:41,(anonymous_5)
FN:42,(anonymous_6)
FN:44,addFollowee
FN:45,(anonymous_8)
FN:50,(anonymous_9)
FNF:9
FNH:1
FNDA:1,_interopRequireDefault
FNDA:0,newFollowers
FNDA:0,_onChange
FNDA:0,_addFollowee
FNDA:0,(anonymous_5)
FNDA:0,(anonymous_6)
FNDA:0,addFollowee
FNDA:0,(anonymous_8)
FNDA:0,(anonymous_9)
DA:0,1
DA:1,1
DA:2,1
DA:3,1
DA:5,1
DA:7,1
DA:8,0
DA:9,1
DA:10,0
DA:12,1
DA:14,0
DA:17,0
DA:37,1
DA:40,1
DA:41,0
DA:43,0
DA:45,0
DA:46,0
DA:49,0
DA:51,0
LF:20
LH:10
BRDA:0,1,0,0
BRDA:0,1,1,1
BRDA:0,2,0,1
BRDA:0,2,1,1
BRF:4
BRH:4
end_of_record
TN:
SF:/Users/claytonmdrazner/Documents/CompSci_Files/CollegeCompCourses/Comp431-WebDev/hw5/src/components/main/Sidebar/Followee.js
FN:0,_interopRequireDefault
FN:7,Followee
FN:12,_removeFollowee
FN:31,(anonymous_4)
FN:36,(anonymous_5)
FN:38,removeFollowee
FN:39,(anonymous_7)
FN:44,(anonymous_8)
FNF:8
FNH:1
FNDA:1,_interopRequireDefault
FNDA:0,Followee
FNDA:0,_removeFollowee
FNDA:0,(anonymous_4)
FNDA:0,(anonymous_5)
FNDA:0,removeFollowee
FNDA:0,(anonymous_7)
FNDA:0,(anonymous_8)
DA:0,1
DA:1,1
DA:2,1
DA:3,1
DA:5,1
DA:7,1
DA:8,0
DA:10,0
DA:11,0
DA:12,0
DA:13,0
DA:16,0
DA:25,1
DA:30,1
DA:31,0
DA:37,0
DA:39,0
DA:40,0
DA:43,0
DA:45,0
LF:20
LH:8
BRDA:0,1,0,0
BRDA:0,1,1,1
BRDA:0,2,0,1
BRDA:0,2,1,1
BRF:4
BRH:4
end_of_record
TN:
SF:/Users/claytonmdrazner/Documents/CompSci_Files/CollegeCompCourses/Comp431-WebDev/hw5/src/components/textDisplay/errorDisplay.js
FN:0,_interopRequireDefault
FN:7,ErrorDisplay
FN:17,(anonymous_3)
FN:22,(anonymous_4)
FNF:4
FNH:1
FNDA:1,_interopRequireDefault
FNDA:0,ErrorDisplay
FNDA:0,(anonymous_3)
FNDA:0,(anonymous_4)
DA:0,1
DA:1,1
DA:2,1
DA:3,1
DA:7,1
DA:9,0
DA:12,0
DA:16,1
DA:18,0
DA:22,0
LF:10
LH:6
BRDA:0,1,0,0
BRDA:0,1,1,1
BRDA:0,2,0,1
BRDA:0,2,1,1
BRDA:10,3,0,0
BRDA:10,3,1,0
BRF:6
BRH:4
end_of_record
TN:
SF:/Users/claytonmdrazner/Documents/CompSci_Files/CollegeCompCourses/Comp431-WebDev/hw5/src/components/profile/Profile.js
FN:0,_interopRequireDefault
FN:11,Profile
FN:39,(anonymous_3)
FN:42,(anonymous_4)
FNF:4
FNH:1
FNDA:4,_interopRequireDefault
FNDA:0,Profile
FNDA:0,(anonymous_3)
FNDA:0,(anonymous_4)
DA:0,4
DA:1,1
DA:2,1
DA:3,1
DA:4,1
DA:5,1
DA:6,1
DA:7,1
DA:11,1
DA:13,0
DA:35,1
DA:38,1
DA:39,0
DA:42,0
LF:14
LH:11
BRDA:0,1,0,3
BRDA:0,1,1,1
BRDA:0,2,0,4
BRDA:0,2,1,4
BRF:4
BRH:4
end_of_record
TN:
SF:/Users/claytonmdrazner/Documents/CompSci_Files/CollegeCompCourses/Comp431-WebDev/hw5/src/components/profile/profileImgSection.js
FN:0,_interopRequireDefault
FN:6,ProfileImgSection
FN:25,(anonymous_3)
FN:27,(anonymous_4)
FNF:4
FNH:1
FNDA:1,_interopRequireDefault
FNDA:0,ProfileImgSection
FNDA:0,(anonymous_3)
FNDA:0,(anonymous_4)
DA:0,1
DA:1,1
DA:2,1
DA:3,1
DA:6,1
DA:7,0
DA:8,0
DA:10,0
DA:21,1
DA:24,1
DA:25,0
DA:27,0
LF:12
LH:7
BRDA:0,1,0,0
BRDA:0,1,1,1
BRDA:0,2,0,1
BRDA:0,2,1,1
BRF:4
BRH:4
end_of_record
TN:
SF:/Users/claytonmdrazner/Documents/CompSci_Files/CollegeCompCourses/Comp431-WebDev/hw5/src/components/profile/profileUpdateSection.js
FN:0,_interopRequireDefault
FN:7,ProfileUpdateSection
FN:9,_dispatchProfileUpdate
FN:23,inputRef
FN:28,inputRef
FN:43,(anonymous_6)
FN:45,(anonymous_7)
FN:47,dispatchProfileUpdate
FN:48,(anonymous_9)
FNF:9
FNH:1
FNDA:1,_interopRequireDefault
FNDA:0,ProfileUpdateSection
FNDA:0,_dispatchProfileUpdate
FNDA:0,inputRef
FNDA:0,inputRef
FNDA:0,(anonymous_6)
FNDA:0,(anonymous_7)
FNDA:0,dispatchProfileUpdate
FNDA:0,(anonymous_9)
DA:0,1
DA:1,1
DA:2,1
DA:3,1
DA:5,1
DA:7,1
DA:8,0
DA:9,0
DA:11,0
DA:12,0
DA:13,0
DA:19,0
DA:23,0
DA:28,0
DA:40,1
DA:42,1
DA:43,0
DA:46,0
DA:48,0
DA:49,0
LF:20
LH:8
BRDA:0,1,0,0
BRDA:0,1,1,1
BRDA:0,2,0,1
BRDA:0,2,1,1
BRDA:11,3,0,0
BRDA:11,3,1,0
BRDA:12,4,0,0
BRDA:12,4,1,0
BRF:8
BRH:4
end_of_record
TN:
SF:/Users/claytonmdrazner/Documents/CompSci_Files/CollegeCompCourses/Comp431-WebDev/hw5/src/components/landing/Landing.js
FN:0,_interopRequireDefault
FN:0,_objectDestructuringEmpty
FN:9,Landing
FN:28,(anonymous_4)
FN:29,(anonymous_5)
FNF:5
FNH:2
FNDA:5,_interopRequireDefault
FNDA:0,_objectDestructuringEmpty
FNDA:0,Landing
FNDA:0,(anonymous_4)
FNDA:0,(anonymous_5)
DA:0,5
DA:1,1
DA:2,1
DA:3,1
DA:4,1
DA:5,1
DA:6,1
DA:7,1
DA:9,1
DA:11,0
DA:24,1
DA:27,1
DA:28,0
DA:29,0
LF:14
LH:11
BRDA:0,1,0,4
BRDA:0,1,1,1
BRDA:0,2,0,5
BRDA:0,2,1,5
BRDA:0,3,0,0
BRDA:0,3,1,0
BRF:6
BRH:6
end_of_record
TN:
SF:/Users/claytonmdrazner/Documents/CompSci_Files/CollegeCompCourses/Comp431-WebDev/hw5/src/components/landing/Registration.js
FN:0,_interopRequireDefault
FN:6,Registration
FN:8,_register
FN:25,inputRef
FN:31,inputRef
FN:37,inputRef
FN:43,inputRef
FN:59,(anonymous_8)
FN:64,(anonymous_9)
FN:68,registerUser
FNF:10
FNH:1
FNDA:2,_interopRequireDefault
FNDA:0,Registration
FNDA:0,_register
FNDA:0,inputRef
FNDA:0,inputRef
FNDA:0,inputRef
FNDA:0,inputRef
FNDA:0,(anonymous_8)
FNDA:0,(anonymous_9)
FNDA:0,registerUser
DA:0,2
DA:1,1
DA:2,1
DA:3,1
DA:4,1
DA:5,1
DA:6,1
DA:7,0
DA:8,0
DA:9,0
DA:15,0
DA:18,0
DA:25,0
DA:31,0
DA:37,0
DA:43,0
DA:55,1
DA:58,1
DA:60,0
DA:65,0
DA:69,0
LF:21
LH:9
BRDA:0,1,0,1
BRDA:0,1,1,1
BRDA:0,2,0,2
BRDA:0,2,1,2
BRF:4
BRH:4
end_of_record
TN:
SF:/Users/claytonmdrazner/Documents/CompSci_Files/CollegeCompCourses/Comp431-WebDev/hw5/src/components/landing/authActions.js
FN:3,missingField
FN:5,delegateRegistration
FNF:2
FNH:1
FNDA:0,missingField
FNDA:2,delegateRegistration
DA:0,1
DA:1,1
DA:3,1
DA:5,1
DA:6,2
DA:8,2
DA:10,0
DA:11,0
DA:12,0
DA:13,0
DA:15,0
DA:17,0
LF:12
LH:6
BRDA:3,1,0,0
BRDA:3,1,1,0
BRDA:6,2,0,2
BRDA:6,2,1,0
BRDA:6,3,0,2
BRDA:6,3,1,2
BRDA:6,3,2,2
BRDA:6,3,3,2
BRF:8
BRH:5
end_of_record
TN:
SF:/Users/claytonmdrazner/Documents/CompSci_Files/CollegeCompCourses/Comp431-WebDev/hw5/src/components/landing/Login.js
FN:0,_interopRequireDefault
FN:6,Login
FN:8,_login
FN:21,inputRef
FN:27,inputRef
FN:45,(anonymous_6)
FN:46,(anonymous_7)
FN:48,dispatchLogin
FN:50,(anonymous_9)
FNF:9
FNH:1
FNDA:2,_interopRequireDefault
FNDA:0,Login
FNDA:0,_login
FNDA:0,inputRef
FNDA:0,inputRef
FNDA:0,(anonymous_6)
FNDA:0,(anonymous_7)
FNDA:0,dispatchLogin
FNDA:0,(anonymous_9)
DA:0,2
DA:1,1
DA:2,1
DA:3,1
DA:4,1
DA:5,1
DA:6,1
DA:7,0
DA:8,0
DA:9,0
DA:12,0
DA:21,0
DA:27,0
DA:41,1
DA:44,1
DA:45,0
DA:47,0
DA:49,0
DA:50,0
LF:19
LH:9
BRDA:0,1,0,1
BRDA:0,1,1,1
BRDA:0,2,0,2
BRDA:0,2,1,2
BRF:4
BRH:4
end_of_record
TN:
SF:/Users/claytonmdrazner/Documents/CompSci_Files/CollegeCompCourses/Comp431-WebDev/hw5/src/components/landing/authActions.spec.js
FN:0,_interopRequireDefault
FN:4,(anonymous_2)
FN:13,(anonymous_3)
FN:24,(anonymous_4)
FN:30,(anonymous_5)
FN:46,(anonymous_6)
FN:66,(anonymous_7)
FN:70,(anonymous_8)
FN:81,(anonymous_9)
FN:86,(anonymous_10)
FN:90,(anonymous_11)
FN:95,(anonymous_12)
FN:102,(anonymous_13)
FNF:13
FNH:11
FNDA:2,_interopRequireDefault
FNDA:1,(anonymous_2)
FNDA:5,(anonymous_3)
FNDA:5,(anonymous_4)
FNDA:1,(anonymous_5)
FNDA:1,(anonymous_6)
FNDA:1,(anonymous_7)
FNDA:1,(anonymous_8)
FNDA:1,(anonymous_9)
FNDA:0,(anonymous_10)
FNDA:1,(anonymous_11)
FNDA:1,(anonymous_12)
FNDA:0,(anonymous_13)
DA:0,2
DA:1,1
DA:2,1
DA:3,1
DA:4,1
DA:5,1
DA:12,1
DA:13,1
DA:14,5
DA:15,0
DA:16,0
DA:17,0
DA:19,5
DA:20,5
DA:21,5
DA:24,1
DA:25,5
DA:26,0
DA:27,0
DA:30,1
DA:31,1
DA:37,1
DA:41,1
DA:42,1
DA:46,1
DA:48,1
DA:54,1
DA:59,1
DA:60,1
DA:64,1
DA:65,1
DA:66,1
DA:70,1
DA:71,1
DA:76,1
DA:80,1
DA:82,1
DA:83,1
DA:84,1
DA:87,0
DA:90,1
DA:91,1
DA:95,1
DA:96,1
DA:97,1
DA:98,1
DA:99,1
DA:100,1
DA:103,0
LF:49
LH:42
BRDA:0,1,0,0
BRDA:0,1,1,2
BRDA:0,2,0,2
BRDA:0,2,1,2
BRDA:14,3,0,0
BRDA:14,3,1,5
BRDA:25,4,0,0
BRDA:25,4,1,5
BRF:8
BRH:6
end_of_record
TN:
SF:/Users/claytonmdrazner/Documents/CompSci_Files/CollegeCompCourses/Comp431-WebDev/hw5/src/components/landing/landing.js
FN:0,_interopRequireDefault
FN:0,_objectDestructuringEmpty
FN:9,Landing
FN:28,(anonymous_4)
FN:29,(anonymous_5)
FNF:5
FNH:2
FNDA:5,_interopRequireDefault
FNDA:0,_objectDestructuringEmpty
FNDA:0,Landing
FNDA:0,(anonymous_4)
FNDA:0,(anonymous_5)
DA:0,5
DA:1,1
DA:2,1
DA:3,1
DA:4,1
DA:5,1
DA:6,1
DA:7,1
DA:9,1
DA:11,0
DA:24,1
DA:27,1
DA:28,0
DA:29,0
LF:14
LH:11
BRDA:0,1,0,4
BRDA:0,1,1,1
BRDA:0,2,0,5
BRDA:0,2,1,5
BRDA:0,3,0,0
BRDA:0,3,1,0
BRF:6
BRH:6
end_of_record
TN:
SF:/Users/claytonmdrazner/Documents/CompSci_Files/CollegeCompCourses/Comp431-WebDev/hw5/src/components/main/feedFilters.spec.js
FN:0,_interopRequireDefault
FN:5,(anonymous_2)
FN:18,(anonymous_3)
FN:23,(anonymous_4)
FN:28,(anonymous_5)
FNF:5
FNH:5
FNDA:1,_interopRequireDefault
FNDA:1,(anonymous_2)
FNDA:1,(anonymous_3)
FNDA:1,(anonymous_4)
FNDA:1,(anonymous_5)
DA:0,1
DA:1,1
DA:2,1
DA:3,1
DA:4,1
DA:5,1
DA:7,1
DA:18,1
DA:19,1
DA:20,0
DA:23,1
DA:24,1
DA:25,0
DA:28,1
DA:29,1
LF:15
LH:13
BRDA:0,1,0,0
BRDA:0,1,1,1
BRDA:0,2,0,1
BRDA:0,2,1,1
BRDA:19,3,0,0
BRDA:19,3,1,1
BRDA:24,4,0,0
BRDA:24,4,1,1
BRF:8
BRH:6
end_of_record
TN:
SF:/Users/claytonmdrazner/Documents/CompSci_Files/CollegeCompCourses/Comp431-WebDev/hw5/src/components/main/filterArticlesBox.js
FN:0,_interopRequireDefault
FN:7,filterArticlesBox
FN:19,_onChangeText
FN:22,_updateShownArticles
FN:25,_NoFilter
FN:26,_ByAuthor
FN:27,_ByText
FN:59,(anonymous_8)
FN:62,(anonymous_9)
FN:64,filterArticles
FN:66,(anonymous_11)
FNF:11
FNH:1
FNDA:1,_interopRequireDefault
FNDA:0,filterArticlesBox
FNDA:0,_onChangeText
FNDA:0,_updateShownArticles
FNDA:0,_NoFilter
FNDA:0,_ByAuthor
FNDA:0,_ByText
FNDA:0,(anonymous_8)
FNDA:0,(anonymous_9)
FNDA:0,filterArticles
FNDA:0,(anonymous_11)
DA:0,1
DA:1,1
DA:2,1
DA:3,1
DA:5,1
DA:7,1
DA:8,0
DA:18,0
DA:19,1
DA:20,0
DA:22,1
DA:23,0
DA:25,0
DA:26,0
DA:27,0
DA:30,0
DA:55,1
DA:58,1
DA:59,0
DA:63,0
DA:65,0
DA:67,0
LF:22
LH:10
BRDA:0,1,0,0
BRDA:0,1,1,1
BRDA:0,2,0,1
BRDA:0,2,1,1
BRF:4
BRH:4
end_of_record
TN:
SF:/Users/claytonmdrazner/Documents/CompSci_Files/CollegeCompCourses/Comp431-WebDev/hw5/src/components/main/main.js
FN:0,_interopRequireDefault
FN:0,_objectDestructuringEmpty
FN:12,Main
FN:41,(anonymous_4)
FN:42,(anonymous_5)
FNF:5
FNH:2
FNDA:7,_interopRequireDefault
FNDA:0,_objectDestructuringEmpty
FNDA:0,Main
FNDA:0,(anonymous_4)
FNDA:0,(anonymous_5)
DA:0,7
DA:1,1
DA:2,1
DA:3,1
DA:4,1
DA:5,1
DA:6,1
DA:7,1
DA:8,1
DA:9,1
DA:10,1
DA:12,1
DA:14,0
DA:37,1
DA:40,1
DA:41,0
DA:42,0
LF:17
LH:14
BRDA:0,1,0,6
BRDA:0,1,1,1
BRDA:0,2,0,7
BRDA:0,2,1,7
BRDA:0,3,0,0
BRDA:0,3,1,0
BRF:6
BRH:6
end_of_record
TN:
SF:/Users/claytonmdrazner/Documents/CompSci_Files/CollegeCompCourses/Comp431-WebDev/hw5/src/components/main/sideBar/followSideBar.js
FN:0,_interopRequireDefault
FN:6,followSideBar
FN:12,(anonymous_3)
FN:29,(anonymous_4)
FN:32,(anonymous_5)
FNF:5
FNH:1
FNDA:3,_interopRequireDefault
FNDA:0,followSideBar
FNDA:0,(anonymous_3)
FNDA:0,(anonymous_4)
FNDA:0,(anonymous_5)
DA:0,3
DA:1,1
DA:2,1
DA:3,1
DA:4,1
DA:5,1
DA:6,1
DA:7,0
DA:8,0
DA:10,0
DA:13,0
DA:26,1
DA:28,1
DA:29,0
DA:32,0
LF:15
LH:9
BRDA:0,1,0,2
BRDA:0,1,1,1
BRDA:0,2,0,3
BRDA:0,2,1,3
BRF:4
BRH:4
end_of_record
TN:
SF:/Users/claytonmdrazner/Documents/CompSci_Files/CollegeCompCourses/Comp431-WebDev/hw5/src/components/main/sideBar/NewFollowers.js
FN:0,_interopRequireDefault
FN:7,newFollowers
FN:9,_onChange
FN:12,_addFollowee
FN:41,(anonymous_5)
FN:42,(anonymous_6)
FN:44,addFollowee
FN:45,(anonymous_8)
FN:50,(anonymous_9)
FNF:9
FNH:1
FNDA:1,_interopRequireDefault
FNDA:0,newFollowers
FNDA:0,_onChange
FNDA:0,_addFollowee
FNDA:0,(anonymous_5)
FNDA:0,(anonymous_6)
FNDA:0,addFollowee
FNDA:0,(anonymous_8)
FNDA:0,(anonymous_9)
DA:0,1
DA:1,1
DA:2,1
DA:3,1
DA:5,1
DA:7,1
DA:8,0
DA:9,1
DA:10,0
DA:12,1
DA:14,0
DA:17,0
DA:37,1
DA:40,1
DA:41,0
DA:43,0
DA:45,0
DA:46,0
DA:49,0
DA:51,0
LF:20
LH:10
BRDA:0,1,0,0
BRDA:0,1,1,1
BRDA:0,2,0,1
BRDA:0,2,1,1
BRF:4
BRH:4
end_of_record
TN:
SF:/Users/claytonmdrazner/Documents/CompSci_Files/CollegeCompCourses/Comp431-WebDev/hw5/src/components/main/sideBar/Followee.js
FN:0,_interopRequireDefault
FN:7,Followee
FN:12,_removeFollowee
FN:31,(anonymous_4)
FN:36,(anonymous_5)
FN:38,removeFollowee
FN:39,(anonymous_7)
FN:44,(anonymous_8)
FNF:8
FNH:1
FNDA:1,_interopRequireDefault
FNDA:0,Followee
FNDA:0,_removeFollowee
FNDA:0,(anonymous_4)
FNDA:0,(anonymous_5)
FNDA:0,removeFollowee
FNDA:0,(anonymous_7)
FNDA:0,(anonymous_8)
DA:0,1
DA:1,1
DA:2,1
DA:3,1
DA:5,1
DA:7,1
DA:8,0
DA:10,0
DA:11,0
DA:12,0
DA:13,0
DA:16,0
DA:25,1
DA:30,1
DA:31,0
DA:37,0
DA:39,0
DA:40,0
DA:43,0
DA:45,0
LF:20
LH:8
BRDA:0,1,0,0
BRDA:0,1,1,1
BRDA:0,2,0,1
BRDA:0,2,1,1
BRF:4
BRH:4
end_of_record
TN:
SF:/Users/claytonmdrazner/Documents/CompSci_Files/CollegeCompCourses/Comp431-WebDev/hw5/src/components/main/sideBar/followee.js
FN:0,_interopRequireDefault
FN:7,Followee
FN:12,_removeFollowee
FN:31,(anonymous_4)
FN:36,(anonymous_5)
FN:38,removeFollowee
FN:39,(anonymous_7)
FN:44,(anonymous_8)
FNF:8
FNH:1
FNDA:1,_interopRequireDefault
FNDA:0,Followee
FNDA:0,_removeFollowee
FNDA:0,(anonymous_4)
FNDA:0,(anonymous_5)
FNDA:0,removeFollowee
FNDA:0,(anonymous_7)
FNDA:0,(anonymous_8)
DA:0,1
DA:1,1
DA:2,1
DA:3,1
DA:5,1
DA:7,1
DA:8,0
DA:10,0
DA:11,0
DA:12,0
DA:13,0
DA:16,0
DA:25,1
DA:30,1
DA:31,0
DA:37,0
DA:39,0
DA:40,0
DA:43,0
DA:45,0
LF:20
LH:8
BRDA:0,1,0,0
BRDA:0,1,1,1
BRDA:0,2,0,1
BRDA:0,2,1,1
BRF:4
BRH:4
end_of_record
TN:
SF:/Users/claytonmdrazner/Documents/CompSci_Files/CollegeCompCourses/Comp431-WebDev/hw5/src/components/main/sideBar/newFollowers.js
FN:0,_interopRequireDefault
FN:7,newFollowers
FN:9,_onChange
FN:12,_addFollowee
FN:41,(anonymous_5)
FN:42,(anonymous_6)
FN:44,addFollowee
FN:45,(anonymous_8)
FN:50,(anonymous_9)
FNF:9
FNH:1
FNDA:1,_interopRequireDefault
FNDA:0,newFollowers
FNDA:0,_onChange
FNDA:0,_addFollowee
FNDA:0,(anonymous_5)
FNDA:0,(anonymous_6)
FNDA:0,addFollowee
FNDA:0,(anonymous_8)
FNDA:0,(anonymous_9)
DA:0,1
DA:1,1
DA:2,1
DA:3,1
DA:5,1
DA:7,1
DA:8,0
DA:9,1
DA:10,0
DA:12,1
DA:14,0
DA:17,0
DA:37,1
DA:40,1
DA:41,0
DA:43,0
DA:45,0
DA:46,0
DA:49,0
DA:51,0
LF:20
LH:10
BRDA:0,1,0,0
BRDA:0,1,1,1
BRDA:0,2,0,1
BRDA:0,2,1,1
BRF:4
BRH:4
end_of_record
TN:
SF:/Users/claytonmdrazner/Documents/CompSci_Files/CollegeCompCourses/Comp431-WebDev/hw5/src/components/profile/profile.js
FN:0,_interopRequireDefault
FN:11,Profile
FN:39,(anonymous_3)
FN:42,(anonymous_4)
FNF:4
FNH:1
FNDA:4,_interopRequireDefault
FNDA:0,Profile
FNDA:0,(anonymous_3)
FNDA:0,(anonymous_4)
DA:0,4
DA:1,1
DA:2,1
DA:3,1
DA:4,1
DA:5,1
DA:6,1
DA:7,1
DA:11,1
DA:13,0
DA:35,1
DA:38,1
DA:39,0
DA:42,0
LF:14
LH:11
BRDA:0,1,0,3
BRDA:0,1,1,1
BRDA:0,2,0,4
BRDA:0,2,1,4
BRF:4
BRH:4
end_of_record
TN:
SF:/Users/claytonmdrazner/Documents/CompSci_Files/CollegeCompCourses/Comp431-WebDev/hw5/src/reducers.js
FN:0,(anonymous_1)
FN:4,Reducer
FNF:2
FNH:2
FNDA:0,(anonymous_1)
FNDA:5,Reducer
DA:0,1
DA:1,1
DA:4,5
DA:18,5
DA:19,5
DA:23,1
DA:24,1
DA:28,0
DA:35,1
DA:49,1
DA:50,1
DA:51,1
DA:58,0
DA:63,3
DA:68,3
DA:70,1
DA:76,2
DA:85,0
DA:92,0
DA:97,0
DA:103,0
DA:105,0
DA:108,0
DA:110,0
DA:125,0
DA:133,0
DA:147,1
DA:153,0
DA:158,1
LF:29
LH:17
BRDA:0,1,0,1
BRDA:0,1,1,0
BRDA:0,2,0,0
BRDA:0,2,1,0
BRDA:4,3,0,0
BRDA:4,3,1,5
BRDA:4,4,0,5
BRDA:4,4,1,5
BRDA:20,5,0,1
BRDA:20,5,1,0
BRDA:20,5,2,3
BRDA:20,5,3,0
BRDA:20,5,4,0
BRDA:20,5,5,0
BRDA:20,5,6,0
BRDA:20,5,7,0
BRDA:20,5,8,0
BRDA:20,5,9,1
BRDA:20,5,10,0
BRDA:24,6,0,0
BRDA:24,6,1,1
BRDA:36,7,0,1
BRDA:36,7,1,0
BRDA:38,8,0,1
BRDA:38,8,1,0
BRDA:40,9,0,1
BRDA:40,9,1,0
BRDA:42,10,0,1
BRDA:42,10,1,0
BRDA:44,11,0,1
BRDA:44,11,1,0
BRDA:46,12,0,1
BRDA:46,12,1,0
BRDA:49,13,0,1
BRDA:49,13,1,0
BRDA:50,14,0,1
BRDA:50,14,1,0
BRDA:64,15,0,2
BRDA:64,15,1,1
BRDA:68,16,0,1
BRDA:68,16,1,2
BRDA:88,17,0,0
BRDA:88,17,1,0
BRDA:86,18,0,0
BRDA:86,18,1,0
BRDA:104,19,0,0
BRDA:104,19,1,0
BRDA:114,20,0,0
BRDA:114,20,1,0
BRDA:117,21,0,0
BRDA:117,21,1,0
BRF:51
BRH:24
end_of_record
TN:
SF:/Users/claytonmdrazner/Documents/CompSci_Files/CollegeCompCourses/Comp431-WebDev/hw5/src/reducers.spec.js
FN:0,_interopRequireDefault
FN:12,(anonymous_2)
FN:16,(anonymous_3)
FN:39,(anonymous_4)
FN:45,(anonymous_5)
FN:68,(anonymous_6)
FN:79,(anonymous_7)
FN:90,(anonymous_8)
FN:112,(anonymous_9)
FN:126,(anonymous_10)
FNF:10
FNH:10
FNDA:1,_interopRequireDefault
FNDA:1,(anonymous_2)
FNDA:6,(anonymous_3)
FNDA:6,(anonymous_4)
FNDA:1,(anonymous_5)
FNDA:1,(anonymous_6)
FNDA:1,(anonymous_7)
FNDA:1,(anonymous_8)
FNDA:1,(anonymous_9)
FNDA:1,(anonymous_10)
DA:0,1
DA:1,1
DA:2,1
DA:3,1
DA:4,1
DA:6,1
DA:8,1
DA:9,1
DA:10,1
DA:12,1
DA:15,1
DA:16,1
DA:17,6
DA:18,0
DA:19,0
DA:35,0
DA:39,1
DA:40,6
DA:41,0
DA:45,1
DA:46,1
DA:54,1
DA:61,1
DA:62,1
DA:63,1
DA:64,1
DA:65,1
DA:68,1
DA:70,1
DA:71,1
DA:72,1
DA:73,1
DA:74,1
DA:75,0
DA:76,0
DA:79,1
DA:80,1
DA:81,1
DA:85,1
DA:86,1
DA:90,1
DA:91,1
DA:99,1
DA:106,1
DA:107,1
DA:108,1
DA:109,1
DA:112,1
DA:113,1
DA:118,1
DA:119,1
DA:120,1
DA:121,1
DA:125,1
DA:127,1
DA:135,1
DA:141,1
DA:142,1
DA:143,1
DA:144,1
LF:60
LH:54
BRDA:0,1,0,0
BRDA:0,1,1,1
BRDA:0,2,0,1
BRDA:0,2,1,1
BRDA:17,3,0,0
BRDA:17,3,1,6
BRDA:40,4,0,0
BRDA:40,4,1,6
BRF:8
BRH:6
end_of_record
TN:
SF:/Users/claytonmdrazner/Documents/CompSci_Files/CollegeCompCourses/Comp431-WebDev/hw5/src/serverRequest.spec.js
FN:0,_interopRequireDefault
FN:4,(anonymous_2)
FN:7,(anonymous_3)
FN:17,(anonymous_4)
FN:24,(anonymous_5)
FN:31,(anonymous_6)
FN:35,(anonymous_7)
FN:40,(anonymous_8)
FN:48,(anonymous_9)
FN:53,(anonymous_10)
FN:64,(anonymous_11)
FN:73,(anonymous_12)
FN:77,(anonymous_13)
FNF:13
FNH:10
FNDA:2,_interopRequireDefault
FNDA:1,(anonymous_2)
FNDA:3,(anonymous_3)
FNDA:3,(anonymous_4)
FNDA:1,(anonymous_5)
FNDA:1,(anonymous_6)
FNDA:0,(anonymous_7)
FNDA:1,(anonymous_8)
FNDA:0,(anonymous_9)
FNDA:1,(anonymous_10)
FNDA:1,(anonymous_11)
FNDA:1,(anonymous_12)
FNDA:0,(anonymous_13)
DA:0,2
DA:1,1
DA:2,1
DA:3,1
DA:4,1
DA:5,1
DA:6,1
DA:7,1
DA:8,3
DA:9,0
DA:10,0
DA:11,0
DA:13,3
DA:14,3
DA:17,1
DA:18,3
DA:19,0
DA:20,0
DA:24,1
DA:25,1
DA:30,1
DA:32,1
DA:33,1
DA:36,0
DA:40,1
DA:41,1
DA:42,1
DA:47,1
DA:50,0
DA:54,1
DA:64,1
DA:65,1
DA:66,1
DA:71,1
DA:72,1
DA:74,1
DA:75,1
DA:78,0
LF:38
LH:30
BRDA:0,1,0,0
BRDA:0,1,1,2
BRDA:0,2,0,2
BRDA:0,2,1,2
BRDA:8,3,0,0
BRDA:8,3,1,3
BRDA:18,4,0,0
BRDA:18,4,1,3
BRF:8
BRH:6
end_of_record
